<?xml version="1.0" encoding="UTF-8"?>
<testng-results skipped="0" failed="0" ignored="0" total="1" passed="1">
  <reporter-output>
  </reporter-output>
  <suite name="Suite" duration-ms="23471" started-at="2019-10-19T20:12:09Z" finished-at="2019-10-19T20:12:33Z">
    <groups>
    </groups>
    <test name="Test" duration-ms="23471" started-at="2019-10-19T20:12:09Z" finished-at="2019-10-19T20:12:33Z">
      <class name="HotelBookingTest">
        <test-method status="PASS" signature="shouldBeAbleToSearchForHotels()[pri:0, instance:HotelBookingTest@3527942a]" name="shouldBeAbleToSearchForHotels" duration-ms="22236" started-at="2019-10-20T01:42:09Z" finished-at="2019-10-20T01:42:32Z">
          <reporter-output>
          </reporter-output>
        </test-method> <!-- shouldBeAbleToSearchForHotels -->
        <test-method status="PASS" signature="tear_down()[pri:0, instance:HotelBookingTest@3527942a]" name="tear_down" is-config="true" duration-ms="1211" started-at="2019-10-20T01:42:32Z" finished-at="2019-10-20T01:42:33Z">
          <reporter-output>
          </reporter-output>
        </test-method> <!-- tear_down -->
      </class> <!-- HotelBookingTest -->
    </test> <!-- Test -->
  </suite> <!-- Suite -->
</testng-results>
